0 info it worked if it ends with ok
1 verbose cli [ 'C:\\Program Files\\nodejs\\node.exe',
1 verbose cli   'C:\\Users\\PGilchrist\\AppData\\Roaming\\npm\\node_modules\\npm\\bin\\npm-cli.js',
1 verbose cli   'run',
1 verbose cli   'build' ]
2 info using npm@3.10.7
3 info using node@v4.5.0
4 verbose run-script [ 'prebuild', 'build', 'postbuild' ]
5 info lifecycle angular2-template@1.0.0~prebuild: angular2-template@1.0.0
6 silly lifecycle angular2-template@1.0.0~prebuild: no script for prebuild, continuing
7 info lifecycle angular2-template@1.0.0~build: angular2-template@1.0.0
8 verbose lifecycle angular2-template@1.0.0~build: unsafe-perm in lifecycle true
9 verbose lifecycle angular2-template@1.0.0~build: PATH: C:\Users\PGilchrist\AppData\Roaming\npm\node_modules\npm\bin\node-gyp-bin;c:\Source\Angular2NodeTemplate\node_modules\.bin;C:\Windows\system32;C:\Windows;C:\Windows\System32\Wbem;C:\Windows\System32\WindowsPowerShell\v1.0\;C:\Program Files (x86)\NVIDIA Corporation\PhysX\Common;C:\Windows\system32\config\systemprofile\.dnx\bin;C:\Program Files\Microsoft DNX\Dnvm\;C:\Program Files\Microsoft SQL Server\120\Tools\Binn\;C:\Program Files\Microsoft SQL Server\130\Tools\Binn\;C:\Program Files\nodejs\;C:\Program Files\Git\cmd;;C:\Program Files (x86)\Microsoft VS Code\bin;C:\Users\PGilchrist\AppData\Roaming\npm
10 verbose lifecycle angular2-template@1.0.0~build: CWD: c:\Source\Angular2NodeTemplate
11 silly lifecycle angular2-template@1.0.0~build: Args: [ '/d /s /c',
11 silly lifecycle   'gulp copyFiles && webpack --config config/webpack.prod.js --progress --profile --bail && cd build && npm i && cd ../' ]
12 silly lifecycle angular2-template@1.0.0~build: Returned: code: 1  signal: null
13 info lifecycle angular2-template@1.0.0~build: Failed to exec build script
14 verbose stack Error: angular2-template@1.0.0 build: `gulp copyFiles && webpack --config config/webpack.prod.js --progress --profile --bail && cd build && npm i && cd ../`
14 verbose stack Exit status 1
14 verbose stack     at EventEmitter.<anonymous> (C:\Users\PGilchrist\AppData\Roaming\npm\node_modules\npm\lib\utils\lifecycle.js:255:16)
14 verbose stack     at emitTwo (events.js:87:13)
14 verbose stack     at EventEmitter.emit (events.js:172:7)
14 verbose stack     at ChildProcess.<anonymous> (C:\Users\PGilchrist\AppData\Roaming\npm\node_modules\npm\lib\utils\spawn.js:40:14)
14 verbose stack     at emitTwo (events.js:87:13)
14 verbose stack     at ChildProcess.emit (events.js:172:7)
14 verbose stack     at maybeClose (internal/child_process.js:829:16)
14 verbose stack     at Process.ChildProcess._handle.onexit (internal/child_process.js:211:5)
15 verbose pkgid angular2-template@1.0.0
16 verbose cwd c:\Source\Angular2NodeTemplate
17 error Windows_NT 10.0.10240
18 error argv "C:\\Program Files\\nodejs\\node.exe" "C:\\Users\\PGilchrist\\AppData\\Roaming\\npm\\node_modules\\npm\\bin\\npm-cli.js" "run" "build"
19 error node v4.5.0
20 error npm  v3.10.7
21 error code ELIFECYCLE
22 error angular2-template@1.0.0 build: `gulp copyFiles && webpack --config config/webpack.prod.js --progress --profile --bail && cd build && npm i && cd ../`
22 error Exit status 1
23 error Failed at the angular2-template@1.0.0 build script 'gulp copyFiles && webpack --config config/webpack.prod.js --progress --profile --bail && cd build && npm i && cd ../'.
23 error Make sure you have the latest version of node.js and npm installed.
23 error If you do, this is most likely a problem with the angular2-template package,
23 error not with npm itself.
23 error Tell the author that this fails on your system:
23 error     gulp copyFiles && webpack --config config/webpack.prod.js --progress --profile --bail && cd build && npm i && cd ../
23 error You can get information on how to open an issue for this project with:
23 error     npm bugs angular2-template
23 error Or if that isn't available, you can get their info via:
23 error     npm owner ls angular2-template
23 error There is likely additional logging output above.
24 verbose exit [ 1, true ]
